<?xml version="1.0" encoding="UTF-8"?>
<!-- Generated by org.testng.reporters.JUnitReportReporter -->
<testsuite hostname="MUM-LAP-849" name="com.northgateps.cm.testRunner.TestRunner_ST" tests="1" failures="0" timestamp="23 Aug 2019 10:21:33 GMT" time="0.753" errors="0">
  <testcase name="feature" time="0.753" classname="com.northgateps.cm.testRunner.TestRunner_ST"/>
</testsuite> <!-- com.northgateps.cm.testRunner.TestRunner_ST -->
