<?xml version="1.0" encoding="UTF-8"?>
<!-- Generated by org.testng.reporters.JUnitReportReporter -->
<testsuite hostname="MUM-LAP-849" name="com.northgateps.cm.testRunner.TestRunner_ST" tests="1" failures="0" timestamp="20 Aug 2019 12:53:56 GMT" time="0.300" errors="0">
  <testcase name="feature" time="0.300" classname="com.northgateps.cm.testRunner.TestRunner_ST"/>
</testsuite> <!-- com.northgateps.cm.testRunner.TestRunner_ST -->
